[0m02:34:47.435576 [debug] [MainThread]: Sending event: {'category': 'dbt', 'action': 'invocation', 'label': 'start', 'context': [<snowplow_tracker.self_describing_json.SelfDescribingJson object at 0x0000022ACCF6AA10>, <snowplow_tracker.self_describing_json.SelfDescribingJson object at 0x0000022ACBF2B250>, <snowplow_tracker.self_describing_json.SelfDescribingJson object at 0x0000022AC8687310>]}


============================== 02:34:47.435576 | c52c635c-5978-443b-ac8a-7ae69b92f87e ==============================
[0m02:34:47.435576 [info ] [MainThread]: Running with dbt=1.11.11
[0m02:34:47.444593 [debug] [MainThread]: running dbt with arguments {'static_parser': 'True', 'no_print': 'None', 'version_check': 'True', 'target_path': 'None', 'warn_error_options': 'WarnErrorOptionsV2(error=[], warn=[], silence=[])', 'printer_width': '80', 'write_json': 'True', 'empty': 'None', 'log_cache_events': 'False', 'introspect': 'True', 'cache_selected_only': 'False', 'fail_fast': 'False', 'debug': 'False', 'log_format': 'default', 'partial_parse': 'True', 'send_anonymous_usage_stats': 'True', 'quiet': 'False', 'warn_error': 'None', 'profiles_dir': 'C:\\Users\\ARGHA\\.dbt', 'indirect_selection': 'eager', 'invocation_command': 'dbt init medisense_dbt', 'use_colors': 'True', 'use_experimental_parser': 'False', 'log_path': 'logs'}
[0m02:34:47.460713 [info ] [MainThread]: Creating dbt configuration folder at C:\Users\ARGHA\.dbt
[0m02:34:47.460713 [debug] [MainThread]: Starter project path: C:\Users\ARGHA\venv\Lib\site-packages\dbt\include\starter_project
[0m02:34:47.572076 [info ] [MainThread]: 
Your new dbt project "medisense_dbt" was created!

For more information on how to configure the profiles.yml file,
please consult the dbt documentation here:

  https://docs.getdbt.com/docs/configure-your-profile

One more thing:

Need help? Don't hesitate to reach out to us via GitHub issues or on Slack:

  https://community.getdbt.com/

Happy modeling!

[0m02:34:47.572076 [info ] [MainThread]: Setting up your profile.
[0m02:40:30.250383 [info ] [MainThread]: Profile medisense_dbt written to C:\Users\ARGHA\.dbt\profiles.yml using target's profile_template.yml and your supplied values. Run 'dbt debug' to validate the connection.
[0m02:40:30.250383 [debug] [MainThread]: Command `dbt init` succeeded at 02:40:30.250383 after 342.93 seconds
[0m02:40:30.250383 [debug] [MainThread]: Sending event: {'category': 'dbt', 'action': 'invocation', 'label': 'end', 'context': [<snowplow_tracker.self_describing_json.SelfDescribingJson object at 0x0000022ACBBF0910>, <snowplow_tracker.self_describing_json.SelfDescribingJson object at 0x0000022ACBF34190>, <snowplow_tracker.self_describing_json.SelfDescribingJson object at 0x0000022ACBE8C390>]}
[0m02:40:30.250383 [debug] [MainThread]: Flushing usage events
[0m02:40:30.314344 [debug] [MainThread]: An error was encountered while trying to flush usage events
